7/2/2022 12:46:18 PM : Starting build of Index : C:\Users\Michael\Desktop\ceildh-band-tunebook\Tunebook PDFs\MacColin Ceildih Band Tune Sets Index.pdx
7/2/2022 12:46:18 PM : Searching : C:\Users\Michael\Desktop\ceildh-band-tunebook\Tunebook PDFs\
7/2/2022 12:46:18 PM : Indexing 31 files
7/2/2022 12:46:18 PM : Extracting : C:\Users\Michael\Desktop\ceildh-band-tunebook\Tunebook PDFs\1 Tune Book Front Page.pdf
7/2/2022 12:46:19 PM : Extracting : C:\Users\Michael\Desktop\ceildh-band-tunebook\Tunebook PDFs\1.5 Founding Members.pdf
7/2/2022 12:46:19 PM : Extracting : C:\Users\Michael\Desktop\ceildh-band-tunebook\Tunebook PDFs\10 The Maid Cooleys Reel set.pdf
7/2/2022 12:46:19 PM : Extracting : C:\Users\Michael\Desktop\ceildh-band-tunebook\Tunebook PDFs\11 TheKesh_and_SwallowTail_jigs.pdf
7/2/2022 12:46:19 PM : Extracting : C:\Users\Michael\Desktop\ceildh-band-tunebook\Tunebook PDFs\12 Old Joe's - Lilting Banshee Jigs.pdf
7/2/2022 12:46:19 PM : Extracting : C:\Users\Michael\Desktop\ceildh-band-tunebook\Tunebook PDFs\13 Go to the Devil and Shake Yourself Jig Medley.pdf
7/2/2022 12:46:19 PM : Extracting : C:\Users\Michael\Desktop\ceildh-band-tunebook\Tunebook PDFs\14 Durham Rangers - Harvest Home.pdf
7/2/2022 12:46:19 PM : Extracting : C:\Users\Michael\Desktop\ceildh-band-tunebook\Tunebook PDFs\15 The Boys of Bluehill - Off to California.pdf
7/2/2022 12:46:20 PM : Extracting : C:\Users\Michael\Desktop\ceildh-band-tunebook\Tunebook PDFs\16 My Love She's But A Lassie Yet - Gillie Calum.pdf
7/2/2022 12:46:20 PM : Extracting : C:\Users\Michael\Desktop\ceildh-band-tunebook\Tunebook PDFs\17 Devil in the Kitchen Set.pdf
7/2/2022 12:46:20 PM : Extracting : C:\Users\Michael\Desktop\ceildh-band-tunebook\Tunebook PDFs\18 The Marquis of Huntly's - Captain Campbell.pdf
7/2/2022 12:46:20 PM : Extracting : C:\Users\Michael\Desktop\ceildh-band-tunebook\Tunebook PDFs\19 Scottish Jig Set.pdf
7/2/2022 12:46:20 PM : Extracting : C:\Users\Michael\Desktop\ceildh-band-tunebook\Tunebook PDFs\19.5 scarce-o-tatties_atholl-highlanders.pdf
7/2/2022 12:46:20 PM : Extracting : C:\Users\Michael\Desktop\ceildh-band-tunebook\Tunebook PDFs\2 Table of Contents.pdf
7/2/2022 12:46:21 PM : Extracting : C:\Users\Michael\Desktop\ceildh-band-tunebook\Tunebook PDFs\20 Gow_Laments.pdf
7/2/2022 12:46:21 PM : Extracting : C:\Users\Michael\Desktop\ceildh-band-tunebook\Tunebook PDFs\21 Inisheer.pdf
7/2/2022 12:46:21 PM : Extracting : C:\Users\Michael\Desktop\ceildh-band-tunebook\Tunebook PDFs\22 Abbots-Bromley_Horn-Dance.pdf
7/2/2022 12:46:21 PM : Extracting : C:\Users\Michael\Desktop\ceildh-band-tunebook\Tunebook PDFs\23 FarewellToWhiskey_CrowleysReel.pdf
7/2/2022 12:46:21 PM : Extracting : C:\Users\Michael\Desktop\ceildh-band-tunebook\Tunebook PDFs\24 Mairis-Wedding_Brochan Lom.pdf
7/2/2022 12:46:21 PM : Extracting : C:\Users\Michael\Desktop\ceildh-band-tunebook\Tunebook PDFs\25 Foggy_Dew.pdf
7/2/2022 12:46:21 PM : Extracting : C:\Users\Michael\Desktop\ceildh-band-tunebook\Tunebook PDFs\26 The_Road_To_Lisdoonvarna_Slide_set.pdf
7/2/2022 12:46:22 PM : Extracting : C:\Users\Michael\Desktop\ceildh-band-tunebook\Tunebook PDFs\27 Slip-Jigs_Kiss_Buttfly_Rocky.pdf
7/2/2022 12:46:22 PM : Extracting : C:\Users\Michael\Desktop\ceildh-band-tunebook\Tunebook PDFs\3 Port Na Clann MacColin.pdf
7/2/2022 12:46:22 PM : Extracting : C:\Users\Michael\Desktop\ceildh-band-tunebook\Tunebook PDFs\4 The Dashing White Whale set.pdf
7/2/2022 12:46:22 PM : Extracting : C:\Users\Michael\Desktop\ceildh-band-tunebook\Tunebook PDFs\5 Rakes_of_Mallow_polka_set.pdf
7/2/2022 12:46:22 PM : Extracting : C:\Users\Michael\Desktop\ceildh-band-tunebook\Tunebook PDFs\6 The_Waves_of_Tory_polka_set.pdf
7/2/2022 12:46:22 PM : Extracting : C:\Users\Michael\Desktop\ceildh-band-tunebook\Tunebook PDFs\6.5 Bill-Denis-Johns_Polka_Set.pdf
7/2/2022 12:46:22 PM : Extracting : C:\Users\Michael\Desktop\ceildh-band-tunebook\Tunebook PDFs\7 The Drowsy Maggie Reel set.pdf
7/2/2022 12:46:22 PM : Extracting : C:\Users\Michael\Desktop\ceildh-band-tunebook\Tunebook PDFs\8 The Red-Haired Boy Reel for Three Hand.pdf
7/2/2022 12:46:23 PM : Extracting : C:\Users\Michael\Desktop\ceildh-band-tunebook\Tunebook PDFs\8.5 Gravel_Walks - The Milky Way.pdf
7/2/2022 12:46:23 PM : Extracting : C:\Users\Michael\Desktop\ceildh-band-tunebook\Tunebook PDFs\9 The Sally Gardens - Flowers of Edinburgh reel set.pdf
7/2/2022 12:46:23 PM : Creating Index
7/2/2022 12:46:23 PM :   Total PDF files in all directories : 31
7/2/2022 12:46:23 PM :   Total PDF attachments : 0
7/2/2022 12:46:23 PM :   Total new files : 31
7/2/2022 12:46:23 PM :   Total pages indexed : 33
7/2/2022 12:46:23 PM :   Total number of files skipped : 0
7/2/2022 12:46:23 PM :   Total deleted files : 0
7/2/2022 12:46:23 PM : Index build successful.
